<?xml version='1.0' encoding='UTF-8' ?>
<testsuite name="com.example.app1.ExampleInstrumentedTest" tests="1" failures="0" errors="0" skipped="0" time="0.009" timestamp="2020-04-19T16:56:32" hostname="localhost">
  <properties>
    <property name="device" value="Nexus_5X_API_29(AVD) - 10" />
    <property name="flavor" value="" />
    <property name="project" value="app" />
  </properties>
  <testcase name="useAppContext" classname="com.example.app1.ExampleInstrumentedTest" time="0.001" />
</testsuite>